____________________________________________________________________________________________________________________________________________
Table Name: global		 Parent Name: None
____________________________________________________________________________________________________________________________________________
Name                Type                                    Category            Initial Value       Offset              Size                Child               

main                int                                     function                                0                   4                   main                
____________________________________________________________________________________________________________________________________________


____________________________________________________________________________________________________________________________________________
Table Name: main		 Parent Name: global
____________________________________________________________________________________________________________________________________________
Name                Type                                    Category            Initial Value       Offset              Size                Child               

ep                  int                                     local                                   0                   4                   NULL                
i                   int                                     local               8                   4                   4                   NULL                
j                   int                                     local               0                   8                   4                   NULL                
k                   ptr(int)                                local                                   12                  8                   NULL                
printInt            int                                     local                                   20                  4                   NULL                
printStr            int                                     local                                   24                  4                   NULL                
readInt             int                                     local                                   28                  4                   NULL                
return              int                                     local                                   32                  4                   NULL                
t0                  int                                     temp                0                   36                  4                   NULL                
t1                  ptr(char)                               temp                " Hello "           40                  8                   NULL                
t10                 ptr(char)                               temp                "enter the i : "    48                  8                   NULL                
t11                 int                                     temp                                    56                  4                   NULL                
t12                 ptr(int)                                temp                                    60                  8                   NULL                
t13                 int                                     temp                                    68                  4                   NULL                
t14                 ptr(char)                               temp                "\n address: "      72                  8                   NULL                
t15                 int                                     temp                                    80                  4                   NULL                
t16                 ptr(int)                                temp                                    84                  8                   NULL                
t17                 int                                     temp                                    92                  4                   NULL                
t18                 ptr(int)                                temp                                    96                  8                   NULL                
t19                 ptr(char)                               temp                "\n Pointer val: "  104                 8                   NULL                
t2                  int                                     temp                                    112                 4                   NULL                
t20                 int                                     temp                                    116                 4                   NULL                
t21                 int                                     temp                                    120                 4                   NULL                
t22                 int                                     temp                                    124                 4                   NULL                
t23                 ptr(char)                               temp                "\n\nYou Entered : "128                 8                   NULL                
t24                 int                                     temp                                    136                 4                   NULL                
t25                 int                                     temp                                    140                 4                   NULL                
t26                 int                                     temp                2                   144                 4                   NULL                
t27                 int                                     temp                                    148                 4                   NULL                
t28                 int                                     temp                2                   152                 4                   NULL                
t29                 int                                     temp                                    156                 4                   NULL                
t3                  int                                     temp                8                   160                 4                   NULL                
t30                 int                                     temp                                    164                 4                   NULL                
t31                 int                                     temp                                    168                 4                   NULL                
t32                 int                                     temp                0                   172                 4                   NULL                
t4                  int                                     temp                2                   176                 4                   NULL                
t5                  int                                     temp                75358               180                 4                   NULL                
t6                  ptr(char)                               temp                "world\n"           184                 8                   NULL                
t7                  int                                     temp                                    192                 4                   NULL                
t8                  int                                     temp                2                   196                 4                   NULL                
t9                  int                                     temp                                    200                 4                   NULL                
____________________________________________________________________________________________________________________________________________


1   : Function start: main
2   : 	t0 = 0
3   : 	j = t0
4   : =str0t1
INVALID OPERATOR
5   : 	param t1
6   : 	t2 = call printStr, 1
7   : 	t3 = 8
8   : 	i = t3
9   : 	t4 = 2
10  : 	if i > t4 goto 12
11  : 	goto 23
12  : 	t5 = 75358
13  : 	if i < t5 goto 15
14  : 	goto 19
15  : =str1t6
INVALID OPERATOR
16  : 	param t6
17  : 	t7 = call printStr, 1
18  : 	goto 19
19  : 	t8 = 2
20  : 	t9 = i + t8
21  : 	i = t9
22  : 	goto 23
23  : =str2t10
INVALID OPERATOR
24  : 	param t10
25  : 	t11 = call printStr, 1
26  : 	t12 = &ep
27  : 	param t12
28  : 	t13 = call readInt, 1
29  : 	i = t13
30  : =str3t14
INVALID OPERATOR
31  : 	param t14
32  : 	t15 = call printStr, 1
33  : 	t16 = &i
34  : 	param t16
35  : 	t17 = call printInt, 1
36  : 	t18 = &i
37  : 	k = t18
38  : =str4t19
INVALID OPERATOR
39  : 	param t19
40  : 	t20 = call printStr, 1
41  : 	t21 = *k
42  : 	param t21
43  : 	t22 = call printInt, 1
44  : =str5t23
INVALID OPERATOR
45  : 	param t23
46  : 	t24 = call printStr, 1
47  : 	param i
48  : 	t25 = call printInt, 1
49  : 	t26 = 2
50  : 	t27 = i / t26
51  : 	i = t27
52  : 	t28 = 2
53  : 	t29 = i * t28
54  : 	i = t29
55  : 	t30 = i + i
56  : 	j = t30
57  : 	t31 = i % i
58  : 	j = t31
59  : 	t32 = 0
60  : 	return t32
61  : Function end: main
